0 info it worked if it ends with ok
1 verbose cli [ 'C:\\Program Files\\nodejs\\\\node.exe',
1 verbose cli   'C:\\Program Files\\nodejs\\node_modules\\npm\\bin\\npm-cli.js',
1 verbose cli   'install' ]
2 info using npm@1.4.28
3 info using node@v0.10.32
4 verbose node symlink C:\Program Files\nodejs\\node.exe
5 warn package.json myNodeApp@0.0.1 No repository field.
6 warn package.json myNodeApp@0.0.1 No README data
7 verbose readDependencies using package.json deps
8 verbose install where, deps [ 'C:\\Users\\rumom_000\\Dropbox\\NodeBook',
8 verbose install   [ 'connect', 'express' ] ]
9 info preinstall myNodeApp@0.0.1
10 verbose readDependencies using package.json deps
11 verbose cache add [ 'connect@0.6.x', null ]
12 verbose cache add name=undefined spec="connect@0.6.x" args=["connect@0.6.x",null]
13 verbose parsed url { protocol: null,
13 verbose parsed url   slashes: null,
13 verbose parsed url   auth: null,
13 verbose parsed url   host: null,
13 verbose parsed url   port: null,
13 verbose parsed url   hostname: null,
13 verbose parsed url   hash: null,
13 verbose parsed url   search: null,
13 verbose parsed url   query: null,
13 verbose parsed url   pathname: 'connect@0.6.x',
13 verbose parsed url   path: 'connect@0.6.x',
13 verbose parsed url   href: 'connect@0.6.x' }
14 verbose cache add [ 'express@2.5.x', null ]
15 verbose cache add name=undefined spec="express@2.5.x" args=["express@2.5.x",null]
16 verbose parsed url { protocol: null,
16 verbose parsed url   slashes: null,
16 verbose parsed url   auth: null,
16 verbose parsed url   host: null,
16 verbose parsed url   port: null,
16 verbose parsed url   hostname: null,
16 verbose parsed url   hash: null,
16 verbose parsed url   search: null,
16 verbose parsed url   query: null,
16 verbose parsed url   pathname: 'express@2.5.x',
16 verbose parsed url   path: 'express@2.5.x',
16 verbose parsed url   href: 'express@2.5.x' }
17 verbose cache add name="connect" spec="0.6.x" args=["connect","0.6.x"]
18 verbose parsed url { protocol: null,
18 verbose parsed url   slashes: null,
18 verbose parsed url   auth: null,
18 verbose parsed url   host: null,
18 verbose parsed url   port: null,
18 verbose parsed url   hostname: null,
18 verbose parsed url   hash: null,
18 verbose parsed url   search: null,
18 verbose parsed url   query: null,
18 verbose parsed url   pathname: '0.6.x',
18 verbose parsed url   path: '0.6.x',
18 verbose parsed url   href: '0.6.x' }
19 verbose addNamed [ 'connect', '0.6.x' ]
20 verbose addNamed [ null, '>=0.6.0-0 <0.7.0-0' ]
21 verbose cache add name="express" spec="2.5.x" args=["express","2.5.x"]
22 verbose parsed url { protocol: null,
22 verbose parsed url   slashes: null,
22 verbose parsed url   auth: null,
22 verbose parsed url   host: null,
22 verbose parsed url   port: null,
22 verbose parsed url   hostname: null,
22 verbose parsed url   hash: null,
22 verbose parsed url   search: null,
22 verbose parsed url   query: null,
22 verbose parsed url   pathname: '2.5.x',
22 verbose parsed url   path: '2.5.x',
22 verbose parsed url   href: '2.5.x' }
23 verbose addNamed [ 'express', '2.5.x' ]
24 verbose addNamed [ null, '>=2.5.0-0 <2.6.0-0' ]
25 silly lockFile b558c6a0-connect-0-6-x connect@0.6.x
26 verbose lock connect@0.6.x C:\Users\rumom_000\AppData\Roaming\npm-cache\b558c6a0-connect-0-6-x.lock
27 silly lockFile 38bf5a2e-express-2-5-x express@2.5.x
28 verbose lock express@2.5.x C:\Users\rumom_000\AppData\Roaming\npm-cache\38bf5a2e-express-2-5-x.lock
29 silly addNameRange { name: 'connect', range: '>=0.6.0-0 <0.7.0-0', hasData: false }
30 silly addNameRange { name: 'express', range: '>=2.5.0-0 <2.6.0-0', hasData: false }
31 verbose request where is /connect
32 verbose request registry https://registry.npmjs.org/
33 verbose request id 376a9ee699c79d89
34 verbose url raw /connect
35 verbose url resolving [ 'https://registry.npmjs.org/', './connect' ]
36 verbose url resolved https://registry.npmjs.org/connect
37 verbose request where is https://registry.npmjs.org/connect
38 info trying registry request attempt 1 at 11:11:45
39 verbose etag "28V7RJS8W97OJI0C41OQ52WZH"
40 http GET https://registry.npmjs.org/connect
41 verbose request where is /express
42 verbose request registry https://registry.npmjs.org/
43 verbose url raw /express
44 verbose url resolving [ 'https://registry.npmjs.org/', './express' ]
45 verbose url resolved https://registry.npmjs.org/express
46 verbose request where is https://registry.npmjs.org/express
47 info trying registry request attempt 1 at 11:11:45
48 verbose etag "3QG0NHFSIF9S5XKZ5R0RD9DOS"
49 http GET https://registry.npmjs.org/express
50 http 200 https://registry.npmjs.org/connect
51 silly registry.get cb [ 200,
51 silly registry.get   { date: 'Fri, 05 Dec 2014 10:11:30 GMT',
51 silly registry.get     server: 'CouchDB/1.5.0 (Erlang OTP/R16B03)',
51 silly registry.get     etag: '"DG30JV64BS2GDQAKDQFTFUHJ2"',
51 silly registry.get     'content-type': 'application/json',
51 silly registry.get     'cache-control': 'max-age=60',
51 silly registry.get     'content-length': '293794',
51 silly registry.get     'accept-ranges': 'bytes',
51 silly registry.get     via: '1.1 varnish',
51 silly registry.get     age: '57',
51 silly registry.get     'x-served-by': 'cache-lcy1120-LCY',
51 silly registry.get     'x-cache': 'HIT',
51 silly registry.get     'x-cache-hits': '1',
51 silly registry.get     'x-timer': 'S1417774290.979131,VS0,VE1',
51 silly registry.get     vary: 'Accept',
51 silly registry.get     'keep-alive': 'timeout=10, max=50',
51 silly registry.get     connection: 'Keep-Alive' } ]
52 silly addNameRange number 2 { name: 'connect', range: '>=0.6.0-0 <0.7.0-0', hasData: true }
53 silly addNameRange versions [ 'connect',
53 silly addNameRange   [ '0.0.1',
53 silly addNameRange     '0.0.2',
53 silly addNameRange     '0.0.3',
53 silly addNameRange     '0.0.4',
53 silly addNameRange     '0.0.5',
53 silly addNameRange     '0.0.6',
53 silly addNameRange     '0.1.0',
53 silly addNameRange     '0.2.0',
53 silly addNameRange     '0.2.1',
53 silly addNameRange     '0.2.2',
53 silly addNameRange     '0.2.3',
53 silly addNameRange     '0.2.4',
53 silly addNameRange     '0.2.5',
53 silly addNameRange     '0.2.6',
53 silly addNameRange     '0.2.7',
53 silly addNameRange     '0.3.0',
53 silly addNameRange     '0.4.0',
53 silly addNameRange     '0.5.0',
53 silly addNameRange     '0.5.1',
53 silly addNameRange     '0.5.2',
53 silly addNameRange     '0.5.3',
53 silly addNameRange     '0.5.4',
53 silly addNameRange     '0.5.5',
53 silly addNameRange     '0.5.6',
53 silly addNameRange     '0.5.7',
53 silly addNameRange     '0.5.8',
53 silly addNameRange     '0.5.9',
53 silly addNameRange     '0.5.10',
53 silly addNameRange     '1.0.0',
53 silly addNameRange     '1.0.1',
53 silly addNameRange     '1.0.2',
53 silly addNameRange     '1.0.3',
53 silly addNameRange     '1.0.4',
53 silly addNameRange     '1.0.5',
53 silly addNameRange     '1.0.6',
53 silly addNameRange     '1.1.0',
53 silly addNameRange     '1.1.1',
53 silly addNameRange     '1.1.2',
53 silly addNameRange     '1.1.3',
53 silly addNameRange     '1.1.4',
53 silly addNameRange     '1.1.5',
53 silly addNameRange     '1.2.0',
53 silly addNameRange     '1.2.1',
53 silly addNameRange     '1.2.2',
53 silly addNameRange     '1.2.3',
53 silly addNameRange     '1.3.0',
53 silly addNameRange     '1.4.0',
53 silly addNameRange     '1.4.1',
53 silly addNameRange     '1.4.2',
53 silly addNameRange     '1.4.3',
53 silly addNameRange     '1.4.4',
53 silly addNameRange     '1.4.5',
53 silly addNameRange     '1.4.6',
53 silly addNameRange     '1.5.0',
53 silly addNameRange     '1.5.1',
53 silly addNameRange     '1.5.2',
53 silly addNameRange     '1.6.0',
53 silly addNameRange     '1.6.1',
53 silly addNameRange     '1.6.2',
53 silly addNameRange     '1.6.3',
53 silly addNameRange     '1.6.4',
53 silly addNameRange     '1.7.0',
53 silly addNameRange     '1.7.1',
53 silly addNameRange     '1.7.2',
53 silly addNameRange     '1.7.3',
53 silly addNameRange     '1.8.0',
53 silly addNameRange     '1.8.1',
53 silly addNameRange     '1.8.2',
53 silly addNameRange     '1.8.3',
53 silly addNameRange     '1.8.4',
53 silly addNameRange     '1.8.5',
53 silly addNameRange     '2.0.0',
53 silly addNameRange     '2.0.1',
53 silly addNameRange     '2.0.2',
53 silly addNameRange     '2.0.3',
53 silly addNameRange     '1.8.6',
53 silly addNameRange     '2.1.0',
53 silly addNameRange     '2.1.1',
53 silly addNameRange     '2.1.2',
53 silly addNameRange     '1.8.7',
53 silly addNameRange     '2.1.3',
53 silly addNameRange     '2.2.0',
53 silly addNameRange     '2.2.1',
53 silly addNameRange     '2.2.2',
53 silly addNameRange     '2.3.0',
53 silly addNameRange     '2.3.1',
53 silly addNameRange     '2.3.2',
53 silly addNameRange     '2.3.3',
53 silly addNameRange     '1.9.0',
53 silly addNameRange     '1.9.1',
53 silly addNameRange     '2.3.4',
53 silly addNameRange     '2.3.5',
53 silly addNameRange     '2.3.6',
53 silly addNameRange     '2.3.7',
53 silly addNameRange     '1.9.2',
53 silly addNameRange     '2.3.8',
53 silly addNameRange     '2.3.9',
53 silly addNameRange     '2.4.0',
53 silly addNameRange     '2.4.1',
53 silly addNameRange     '2.4.2',
53 silly addNameRange     '2.4.3',
53 silly addNameRange     '2.4.4',
53 silly addNameRange     '2.4.5',
53 silly addNameRange     '2.4.6',
53 silly addNameRange     '2.5.0',
53 silly addNameRange     '2.6.0',
53 silly addNameRange     '2.6.1',
53 silly addNameRange     '2.6.2',
53 silly addNameRange     '2.7.0',
53 silly addNameRange     '2.7.1',
53 silly addNameRange     '2.7.2',
53 silly addNameRange     '2.7.3',
53 silly addNameRange     '2.7.4',
53 silly addNameRange     '2.7.5',
53 silly addNameRange     '2.7.6',
53 silly addNameRange     '2.7.7',
53 silly addNameRange     '2.7.8',
53 silly addNameRange     '2.7.9',
53 silly addNameRange     '2.7.10',
53 silly addNameRange     '2.7.11',
53 silly addNameRange     '2.8.0',
53 silly addNameRange     '2.8.1',
53 silly addNameRange     '2.8.2',
53 silly addNameRange     '2.8.3',
53 silly addNameRange     '2.8.4',
53 silly addNameRange     '2.8.5',
53 silly addNameRange     '2.8.6',
53 silly addNameRange     '2.8.7',
53 silly addNameRange     '2.8.8',
53 silly addNameRange     '2.9.0',
53 silly addNameRange     '2.9.1',
53 silly addNameRange     '2.9.2',
53 silly addNameRange     '2.10.0',
53 silly addNameRange     '2.10.1',
53 silly addNameRange     '2.11.0',
53 silly addNameRange     '2.11.1',
53 silly addNameRange     '2.11.2',
53 silly addNameRange     '2.12.0',
53 silly addNameRange     '2.13.0',
53 silly addNameRange     '2.13.1',
53 silly addNameRange     '2.14.0',
53 silly addNameRange     '2.14.1',
53 silly addNameRange     '3.0.0-rc.1',
53 silly addNameRange     '2.14.2',
53 silly addNameRange     '2.14.3',
53 silly addNameRange     '2.14.4',
53 silly addNameRange     '2.14.5',
53 silly addNameRange     '2.15.0',
53 silly addNameRange     '3.0.0-rc.2',
53 silly addNameRange     '2.16.0',
53 silly addNameRange     '2.16.1',
53 silly addNameRange     '2.16.2',
53 silly addNameRange     '2.17.0',
53 silly addNameRange     '2.17.1',
53 silly addNameRange     '2.17.2',
53 silly addNameRange     '2.17.3',
53 silly addNameRange     '2.18.0',
53 silly addNameRange     '3.0.0',
53 silly addNameRange     '2.19.0',
53 silly addNameRange     '2.19.1',
53 silly addNameRange     '2.19.2',
53 silly addNameRange     '2.19.3',
53 silly addNameRange     '2.19.4',
53 silly addNameRange     '2.19.5',
53 silly addNameRange     '2.19.6',
53 silly addNameRange     '2.20.0',
53 silly addNameRange     '2.20.1',
53 silly addNameRange     '2.20.2',
53 silly addNameRange     '3.0.1',
53 silly addNameRange     '2.21.0',
53 silly addNameRange     '2.21.1',
53 silly addNameRange     '2.22.0',
53 silly addNameRange     '2.23.0',
53 silly addNameRange     '3.0.2',
53 silly addNameRange     '2.24.0',
53 silly addNameRange     '3.1.0',
53 silly addNameRange     '2.24.1',
53 silly addNameRange     '2.24.2',
53 silly addNameRange     '2.24.3',
53 silly addNameRange     '2.25.0',
53 silly addNameRange     '2.25.1',
53 silly addNameRange     '2.25.2',
53 silly addNameRange     '2.25.3',
53 silly addNameRange     '2.25.4',
53 silly addNameRange     '3.1.1',
53 silly addNameRange     '2.25.5',
53 silly addNameRange     '2.25.6',
53 silly addNameRange     '2.25.7',
53 silly addNameRange     '2.25.8',
53 silly addNameRange     '2.25.9',
53 silly addNameRange     '2.25.10',
53 silly addNameRange     '2.26.0',
53 silly addNameRange     '3.2.0',
53 silly addNameRange     '2.26.1',
53 silly addNameRange     '2.26.2',
53 silly addNameRange     '2.26.3',
53 silly addNameRange     '2.26.4',
53 silly addNameRange     '2.26.5',
53 silly addNameRange     '2.26.6',
53 silly addNameRange     '2.27.0',
53 silly addNameRange     '3.3.0',
53 silly addNameRange     '2.27.1',
53 silly addNameRange     '3.3.1',
53 silly addNameRange     '2.27.2',
53 silly addNameRange     '3.3.2',
53 silly addNameRange     '2.27.3',
53 silly addNameRange     '3.3.3',
53 silly addNameRange     '2.27.4' ] ]
54 silly lockFile b558c6a0-connect-0-6-x connect@0.6.x
55 silly lockFile b558c6a0-connect-0-6-x connect@0.6.x
56 http 200 https://registry.npmjs.org/express
57 silly registry.get cb [ 200,
57 silly registry.get   { date: 'Fri, 05 Dec 2014 10:11:31 GMT',
57 silly registry.get     server: 'CouchDB/1.5.0 (Erlang OTP/R16B03)',
57 silly registry.get     etag: '"5APW2WHWWX6ALYF32MBVIV3H7"',
57 silly registry.get     'content-type': 'application/json',
57 silly registry.get     'cache-control': 'max-age=60',
57 silly registry.get     'content-length': '431448',
57 silly registry.get     'accept-ranges': 'bytes',
57 silly registry.get     via: '1.1 varnish',
57 silly registry.get     age: '0',
57 silly registry.get     'x-served-by': 'cache-lcy1134-LCY',
57 silly registry.get     'x-cache': 'HIT',
57 silly registry.get     'x-cache-hits': '1',
57 silly registry.get     'x-timer': 'S1417774290.970611,VS0,VE95',
57 silly registry.get     vary: 'Accept',
57 silly registry.get     'keep-alive': 'timeout=10, max=50',
57 silly registry.get     connection: 'Keep-Alive' } ]
58 silly addNameRange number 2 { name: 'express', range: '>=2.5.0-0 <2.6.0-0', hasData: true }
59 silly addNameRange versions [ 'express',
59 silly addNameRange   [ '0.14.0',
59 silly addNameRange     '0.14.1',
59 silly addNameRange     '1.0.0',
59 silly addNameRange     '1.0.1',
59 silly addNameRange     '1.0.2',
59 silly addNameRange     '1.0.3',
59 silly addNameRange     '1.0.4',
59 silly addNameRange     '1.0.5',
59 silly addNameRange     '1.0.6',
59 silly addNameRange     '1.0.7',
59 silly addNameRange     '1.0.8',
59 silly addNameRange     '2.0.0',
59 silly addNameRange     '2.1.0',
59 silly addNameRange     '2.1.1',
59 silly addNameRange     '2.2.0',
59 silly addNameRange     '2.2.1',
59 silly addNameRange     '2.2.2',
59 silly addNameRange     '2.3.0',
59 silly addNameRange     '2.3.1',
59 silly addNameRange     '2.3.2',
59 silly addNameRange     '2.3.3',
59 silly addNameRange     '2.3.4',
59 silly addNameRange     '2.3.5',
59 silly addNameRange     '2.3.6',
59 silly addNameRange     '2.3.7',
59 silly addNameRange     '2.3.8',
59 silly addNameRange     '2.3.9',
59 silly addNameRange     '2.3.10',
59 silly addNameRange     '2.3.11',
59 silly addNameRange     '2.3.12',
59 silly addNameRange     '2.4.0',
59 silly addNameRange     '2.4.1',
59 silly addNameRange     '2.4.2',
59 silly addNameRange     '2.4.3',
59 silly addNameRange     '2.4.4',
59 silly addNameRange     '2.4.5',
59 silly addNameRange     '2.4.6',
59 silly addNameRange     '2.4.7',
59 silly addNameRange     '2.5.0',
59 silly addNameRange     '2.5.1',
59 silly addNameRange     '2.5.2',
59 silly addNameRange     '2.5.3',
59 silly addNameRange     '2.5.4',
59 silly addNameRange     '2.5.5',
59 silly addNameRange     '2.5.6',
59 silly addNameRange     '2.5.7',
59 silly addNameRange     '2.5.8',
59 silly addNameRange     '2.5.9',
59 silly addNameRange     '2.5.10',
59 silly addNameRange     '2.5.11',
59 silly addNameRange     '3.0.0',
59 silly addNameRange     '3.0.1',
59 silly addNameRange     '3.0.2',
59 silly addNameRange     '3.0.3',
59 silly addNameRange     '3.0.4',
59 silly addNameRange     '3.0.5',
59 silly addNameRange     '3.0.6',
59 silly addNameRange     '3.1.0',
59 silly addNameRange     '3.1.1',
59 silly addNameRange     '3.1.2',
59 silly addNameRange     '3.2.0',
59 silly addNameRange     '3.2.1',
59 silly addNameRange     '3.2.2',
59 silly addNameRange     '3.2.3',
59 silly addNameRange     '3.2.4',
59 silly addNameRange     '3.2.5',
59 silly addNameRange     '3.2.6',
59 silly addNameRange     '3.3.0',
59 silly addNameRange     '3.3.1',
59 silly addNameRange     '3.3.2',
59 silly addNameRange     '3.3.3',
59 silly addNameRange     '3.3.4',
59 silly addNameRange     '3.3.5',
59 silly addNameRange     '3.3.6',
59 silly addNameRange     '1.0.0-beta',
59 silly addNameRange     '1.0.0-beta2',
59 silly addNameRange     '1.0.0-rc',
59 silly addNameRange     '1.0.0-rc2',
59 silly addNameRange     '1.0.0-rc3',
59 silly addNameRange     '1.0.0-rc4',
59 silly addNameRange     '2.0.0-beta',
59 silly addNameRange     '2.0.0-beta2',
59 silly addNameRange     '2.0.0-beta3',
59 silly addNameRange     '2.0.0-rc',
59 silly addNameRange     '2.0.0-rc2',
59 silly addNameRange     '2.0.0-rc3',
59 silly addNameRange     '3.0.0-alpha1',
59 silly addNameRange     '3.0.0-alpha2',
59 silly addNameRange     '3.0.0-alpha3',
59 silly addNameRange     '3.0.0-alpha4',
59 silly addNameRange     '3.0.0-alpha5',
59 silly addNameRange     '3.0.0-beta1',
59 silly addNameRange     '3.0.0-beta2',
59 silly addNameRange     '3.0.0-beta3',
59 silly addNameRange     '3.0.0-beta4',
59 silly addNameRange     '3.0.0-beta6',
59 silly addNameRange     '3.0.0-beta7',
59 silly addNameRange     '3.0.0-rc1',
59 silly addNameRange     '3.0.0-rc2',
59 silly addNameRange     '3.0.0-rc3',
59 silly addNameRange     '3.0.0-rc4',
59 silly addNameRange     '3.0.0-rc5',
59 silly addNameRange     '3.3.7',
59 silly addNameRange     '3.3.8',
59 silly addNameRange     '3.4.0',
59 silly addNameRange     '3.4.1',
59 silly addNameRange     '3.4.2',
59 silly addNameRange     '3.4.3',
59 silly addNameRange     '3.4.4',
59 silly addNameRange     '3.4.5',
59 silly addNameRange     '3.4.6',
59 silly addNameRange     '3.4.7',
59 silly addNameRange     '3.4.8',
59 silly addNameRange     '4.0.0-rc1',
59 silly addNameRange     '4.0.0-rc2',
59 silly addNameRange     '3.5.0',
59 silly addNameRange     '4.0.0-rc3',
59 silly addNameRange     '4.0.0-rc4',
59 silly addNameRange     '3.5.1',
59 silly addNameRange     '4.0.0',
59 silly addNameRange     '3.5.2',
59 silly addNameRange     '4.1.0',
59 silly addNameRange     '4.1.1',
59 silly addNameRange     '3.5.3',
59 silly addNameRange     '4.1.2',
59 silly addNameRange     '3.6.0',
59 silly addNameRange     '4.2.0',
59 silly addNameRange     '3.7.0',
59 silly addNameRange     '3.8.0',
59 silly addNameRange     '4.3.0',
59 silly addNameRange     '4.3.1',
59 silly addNameRange     '3.8.1',
59 silly addNameRange     '4.3.2',
59 silly addNameRange     '3.9.0',
59 silly addNameRange     '4.4.0',
59 silly addNameRange     '4.4.1',
59 silly addNameRange     '3.10.0',
59 silly addNameRange     '3.10.1',
59 silly addNameRange     '3.10.2',
59 silly addNameRange     '3.10.3',
59 silly addNameRange     '3.10.4',
59 silly addNameRange     '4.4.2',
59 silly addNameRange     '3.10.5',
59 silly addNameRange     '4.4.3',
59 silly addNameRange     '3.11.0',
59 silly addNameRange     '4.4.4',
59 silly addNameRange     '3.12.0',
59 silly addNameRange     '3.12.1',
59 silly addNameRange     '4.4.5',
59 silly addNameRange     '3.13.0',
59 silly addNameRange     '4.5.0',
59 silly addNameRange     '4.5.1',
59 silly addNameRange     '3.14.0',
59 silly addNameRange     '4.6.0',
59 silly addNameRange     '4.6.1',
59 silly addNameRange     '3.15.0',
59 silly addNameRange     '4.7.0',
59 silly addNameRange     '3.15.1',
59 silly addNameRange     '4.7.1',
59 silly addNameRange     '3.15.2',
59 silly addNameRange     '4.7.2',
59 silly addNameRange     '4.7.3',
59 silly addNameRange     '3.15.3',
59 silly addNameRange     '4.7.4',
59 silly addNameRange     '3.16.0',
59 silly addNameRange     '4.8.0',
59 silly addNameRange     '3.16.1',
59 silly addNameRange     '4.8.1',
59 silly addNameRange     '3.16.2',
59 silly addNameRange     '4.8.2',
59 silly addNameRange     '3.16.3',
59 silly addNameRange     '3.16.4',
59 silly addNameRange     '4.8.3',
59 silly addNameRange     '3.16.5',
59 silly addNameRange     '3.16.6',
59 silly addNameRange     '4.8.4',
59 silly addNameRange     '3.16.7',
59 silly addNameRange     '4.8.5',
59 silly addNameRange     '3.16.8',
59 silly addNameRange     '4.8.6',
59 silly addNameRange     '3.16.9',
59 silly addNameRange     '4.8.7',
59 silly addNameRange     '3.16.10',
59 silly addNameRange     '4.8.8',
59 silly addNameRange     '3.17.0',
59 silly addNameRange     '3.17.1',
59 silly addNameRange     '4.9.0',
59 silly addNameRange     '3.17.2',
59 silly addNameRange     '4.9.1',
59 silly addNameRange     '4.9.2',
59 silly addNameRange     '3.17.3',
59 silly addNameRange     '4.9.3',
59 silly addNameRange     '3.17.4',
59 silly addNameRange     '4.9.4',
59 silly addNameRange     '3.17.5',
59 silly addNameRange     '4.9.5',
59 silly addNameRange     '3.17.6',
59 silly addNameRange     '3.17.7',
59 silly addNameRange     '4.9.6',
59 silly addNameRange     '4.9.7',
59 silly addNameRange     '3.17.8',
59 silly addNameRange     '4.9.8',
59 silly addNameRange     '3.18.0',
59 silly addNameRange     '3.18.1',
59 silly addNameRange     '4.10.0',
59 silly addNameRange     '3.18.2',
59 silly addNameRange     '4.10.1',
59 silly addNameRange     '5.0.0-alpha.1',
59 silly addNameRange     '3.18.3',
59 silly addNameRange     '4.10.2',
59 silly addNameRange     '3.18.4',
59 silly addNameRange     '4.10.3',
59 silly addNameRange     '4.10.4' ] ]
60 verbose addNamed [ 'express', '2.5.11' ]
61 verbose addNamed [ '2.5.11', '2.5.11' ]
62 silly lockFile 631042f2-express-2-5-11 express@2.5.11
63 verbose lock express@2.5.11 C:\Users\rumom_000\AppData\Roaming\npm-cache\631042f2-express-2-5-11.lock
64 silly lockFile ba242734-s-org-express-express-2-5-11-tgz https://registry.npmjs.org/express/-/express-2.5.11.tgz
65 verbose lock https://registry.npmjs.org/express/-/express-2.5.11.tgz C:\Users\rumom_000\AppData\Roaming\npm-cache\ba242734-s-org-express-express-2-5-11-tgz.lock
66 verbose addRemoteTarball [ 'https://registry.npmjs.org/express/-/express-2.5.11.tgz',
66 verbose addRemoteTarball   '4ce8ea1f3635e69e49f0ebb497b6a4b0a51ce6f0' ]
67 info retry fetch attempt 1 at 11:11:47
68 verbose fetch to= C:\Users\RUMOM_~1\AppData\Local\Temp\npm-10196-2GbqDr-4\registry.npmjs.org\express\-\express-2.5.11.tgz
69 http GET https://registry.npmjs.org/express/-/express-2.5.11.tgz
70 http 200 https://registry.npmjs.org/express/-/express-2.5.11.tgz
71 silly lockFile ba242734-s-org-express-express-2-5-11-tgz https://registry.npmjs.org/express/-/express-2.5.11.tgz
72 silly lockFile ba242734-s-org-express-express-2-5-11-tgz https://registry.npmjs.org/express/-/express-2.5.11.tgz
73 silly lockFile 631042f2-express-2-5-11 express@2.5.11
74 silly lockFile 631042f2-express-2-5-11 express@2.5.11
75 silly lockFile 38bf5a2e-express-2-5-x express@2.5.x
76 silly lockFile 38bf5a2e-express-2-5-x express@2.5.x
77 error notarget No compatible version found: connect@'>=0.6.0-0 <0.7.0-0'
77 error notarget Valid install targets:
77 error notarget ["0.0.1","0.0.2","0.0.3","0.0.4","0.0.5","0.0.6","0.1.0","0.2.0","0.2.1","0.2.2","0.2.3","0.2.4","0.2.5","0.2.6","0.2.7","0.3.0","0.4.0","0.5.0","0.5.1","0.5.2","0.5.3","0.5.4","0.5.5","0.5.6","0.5.7","0.5.8","0.5.9","0.5.10","1.0.0","1.0.1","1.0.2","1.0.3","1.0.4","1.0.5","1.0.6","1.1.0","1.1.1","1.1.2","1.1.3","1.1.4","1.1.5","1.2.0","1.2.1","1.2.2","1.2.3","1.3.0","1.4.0","1.4.1","1.4.2","1.4.3","1.4.4","1.4.5","1.4.6","1.5.0","1.5.1","1.5.2","1.6.0","1.6.1","1.6.2","1.6.3","1.6.4","1.7.0","1.7.1","1.7.2","1.7.3","1.8.0","1.8.1","1.8.2","1.8.3","1.8.4","1.8.5","2.0.0","2.0.1","2.0.2","2.0.3","1.8.6","2.1.0","2.1.1","2.1.2","1.8.7","2.1.3","2.2.0","2.2.1","2.2.2","2.3.0","2.3.1","2.3.2","2.3.3","1.9.0","1.9.1","2.3.4","2.3.5","2.3.6","2.3.7","1.9.2","2.3.8","2.3.9","2.4.0","2.4.1","2.4.2","2.4.3","2.4.4","2.4.5","2.4.6","2.5.0","2.6.0","2.6.1","2.6.2","2.7.0","2.7.1","2.7.2","2.7.3","2.7.4","2.7.5","2.7.6","2.7.7","2.7.8","2.7.9","2.7.10","2.7.11","2.8.0","2.8.1","2.8.2","2.8.3","2.8.4","2.8.5","2.8.6","2.8.7","2.8.8","2.9.0","2.9.1","2.9.2","2.10.0","2.10.1","2.11.0","2.11.1","2.11.2","2.12.0","2.13.0","2.13.1","2.14.0","2.14.1","3.0.0-rc.1","2.14.2","2.14.3","2.14.4","2.14.5","2.15.0","3.0.0-rc.2","2.16.0","2.16.1","2.16.2","2.17.0","2.17.1","2.17.2","2.17.3","2.18.0","3.0.0","2.19.0","2.19.1","2.19.2","2.19.3","2.19.4","2.19.5","2.19.6","2.20.0","2.20.1","2.20.2","3.0.1","2.21.0","2.21.1","2.22.0","2.23.0","3.0.2","2.24.0","3.1.0","2.24.1","2.24.2","2.24.3","2.25.0","2.25.1","2.25.2","2.25.3","2.25.4","3.1.1","2.25.5","2.25.6","2.25.7","2.25.8","2.25.9","2.25.10","2.26.0","3.2.0","2.26.1","2.26.2","2.26.3","2.26.4","2.26.5","2.26.6","2.27.0","3.3.0","2.27.1","3.3.1","2.27.2","3.3.2","2.27.3","3.3.3","2.27.4"]
77 error notarget
77 error notarget This is most likely not a problem with npm itself.
77 error notarget In most cases you or one of your dependencies are requesting
77 error notarget a package version that doesn't exist.
78 error System Windows_NT 6.2.9200
79 error command "C:\\Program Files\\nodejs\\\\node.exe" "C:\\Program Files\\nodejs\\node_modules\\npm\\bin\\npm-cli.js" "install"
80 error cwd C:\Users\rumom_000\Dropbox\NodeBook
81 error node -v v0.10.32
82 error npm -v 1.4.28
83 error code ETARGET
84 verbose exit [ 1, true ]
